<?xml version="1.0" encoding="UTF-8"?>
<testsuite xmlns:xsi="http://www.w3.org/2001/XMLSchema-instance" xsi:noNamespaceSchemaLocation="https://maven.apache.org/surefire/maven-surefire-plugin/xsd/surefire-test-report.xsd" version="3.0.2" name="com.zgate.controlcenter.service.LicenseRenewalTest" time="0.544" tests="9" errors="0" skipped="0" failures="0" flakes="0">
  <properties>
[...]
</properties>
  <testcase name="entitledRenews" classname="com.zgate.controlcenter.service.LicenseRenewalTest" time="0.507">
    <system-out><![CDATA[03:49:43.108 [main] INFO com.zgate.controlcenter.service.LicenseService -- Renewed license 1076f394-5640-421f-a59c-c5a16f06c692 (org a004c778-31ab-48de-afc0-61732c89b431) to 2026-08-25T03:49:43.108240
]]></system-out>
    <system-err><![CDATA[Mockito is currently self-attaching to enable the inline-mock-maker. This will no longer work in future releases of the JDK. Please add Mockito as an agent to your build as described in Mockito's documentation: https://javadoc.io/doc/org.mockito/mockito-core/latest/org.mockito/org/mockito/Mockito.html#0.3
WARNING: A Java agent has been loaded dynamically (/Users/siyanda/.m2/repository/net/bytebuddy/byte-buddy-agent/1.17.8/byte-buddy-agent-1.17.8.jar)
WARNING: If a serviceability tool is in use, please run with -XX:+EnableDynamicAgentLoading to hide this warning
WARNING: If a serviceability tool is not in use, please run with -Djdk.instrument.traceUsage for more information
WARNING: Dynamic loading of agents will be disallowed by default in a future release
]]></system-err>
  </testcase>
  <testcase name="expiryCappedAtSubscription" classname="com.zgate.controlcenter.service.LicenseRenewalTest" time="0.003">
    <system-out><![CDATA[03:49:43.140 [main] INFO com.zgate.controlcenter.service.LicenseService -- Renewed license db0427e0-5e43-496d-8646-6bef56824c38 (org ffb1b8cf-22f0-4e2a-ae59-2b68dd2f8481) to 2026-07-31T03:49:43.140075
]]></system-out>
  </testcase>
  <testcase name="lapsedIsRefused" classname="com.zgate.controlcenter.service.LicenseRenewalTest" time="0.005">
    <system-out><![CDATA[03:49:43.143 [main] WARN com.zgate.controlcenter.service.LicenseService -- License renewal REFUSED for org 76e90ea6-53c2-48dc-bb77-84c947c0c027 (subscription lapsed at 2026-07-25T03:49:43.143277) — license d1785e17-df3a-478e-b27e-84a5dd777245 left to expire.
]]></system-out>
  </testcase>
  <testcase name="notDueWhenSubscriptionAlreadyCovered" classname="com.zgate.controlcenter.service.LicenseRenewalTest" time="0.001"/>
  <testcase name="missingLicense" classname="com.zgate.controlcenter.service.LicenseRenewalTest" time="0.001"/>
  <testcase name="ttlDefaultsWhenUnset" classname="com.zgate.controlcenter.service.LicenseRenewalTest$Helpers" time="0.002"/>
  <testcase name="futureSubscriptionEntitledPastSubscriptionNot" classname="com.zgate.controlcenter.service.LicenseRenewalTest$Helpers" time="0.001"/>
  <testcase name="renewalExpiryUsesTtlWhenSubscriptionFarOut" classname="com.zgate.controlcenter.service.LicenseRenewalTest$Helpers" time="0.001"/>
  <testcase name="unmanagedOrgIsAlwaysEntitled" classname="com.zgate.controlcenter.service.LicenseRenewalTest$Helpers" time="0.001"/>
</testsuite>